Determining if the pthread_create exist failed with the following output:
Change Dir: /home/xiaohan/stage4/Pnpsolver_good_one/solver/build/CMakeFiles/CMakeTmp

Run Build Command:"/usr/bin/make" "cmTC_0fbbb/fast"
/usr/bin/make -f CMakeFiles/cmTC_0fbbb.dir/build.make CMakeFiles/cmTC_0fbbb.dir/build
make[1]: Entering directory '/home/xiaohan/stage4/Pnpsolver_good_one/solver/build/CMakeFiles/CMakeTmp'
Building C object CMakeFiles/cmTC_0fbbb.dir/CheckSymbolExists.c.o
/usr/bin/cc    -o CMakeFiles/cmTC_0fbbb.dir/CheckSymbolExists.c.o   -c /home/xiaohan/stage4/Pnpsolver_good_one/solver/build/CMakeFiles/CMakeTmp/CheckSymbolExists.c
Linking C executable cmTC_0fbbb
/usr/bin/cmake -E cmake_link_script CMakeFiles/cmTC_0fbbb.dir/link.txt --verbose=1
/usr/bin/cc      -rdynamic CMakeFiles/cmTC_0fbbb.dir/CheckSymbolExists.c.o  -o cmTC_0fbbb 
CMakeFiles/cmTC_0fbbb.dir/CheckSymbolExists.c.o: In function `main':
CheckSymbolExists.c:(.text+0x1b): undefined reference to `pthread_create'
collect2: error: ld returned 1 exit status
CMakeFiles/cmTC_0fbbb.dir/build.make:97: recipe for target 'cmTC_0fbbb' failed
make[1]: *** [cmTC_0fbbb] Error 1
make[1]: Leaving directory '/home/xiaohan/stage4/Pnpsolver_good_one/solver/build/CMakeFiles/CMakeTmp'
Makefile:126: recipe for target 'cmTC_0fbbb/fast' failed
make: *** [cmTC_0fbbb/fast] Error 2

File /home/xiaohan/stage4/Pnpsolver_good_one/solver/build/CMakeFiles/CMakeTmp/CheckSymbolExists.c:
/* */
#include <pthread.h>

int main(int argc, char** argv)
{
  (void)argv;
#ifndef pthread_create
  return ((int*)(&pthread_create))[argc];
#else
  (void)argc;
  return 0;
#endif
}

Determining if the function pthread_create exists in the pthreads failed with the following output:
Change Dir: /home/xiaohan/stage4/Pnpsolver_good_one/solver/build/CMakeFiles/CMakeTmp

Run Build Command:"/usr/bin/make" "cmTC_bad72/fast"
/usr/bin/make -f CMakeFiles/cmTC_bad72.dir/build.make CMakeFiles/cmTC_bad72.dir/build
make[1]: Entering directory '/home/xiaohan/stage4/Pnpsolver_good_one/solver/build/CMakeFiles/CMakeTmp'
Building C object CMakeFiles/cmTC_bad72.dir/CheckFunctionExists.c.o
/usr/bin/cc   -DCHECK_FUNCTION_EXISTS=pthread_create   -o CMakeFiles/cmTC_bad72.dir/CheckFunctionExists.c.o   -c /usr/share/cmake-3.10/Modules/CheckFunctionExists.c
Linking C executable cmTC_bad72
/usr/bin/cmake -E cmake_link_script CMakeFiles/cmTC_bad72.dir/link.txt --verbose=1
/usr/bin/cc  -DCHECK_FUNCTION_EXISTS=pthread_create    -rdynamic CMakeFiles/cmTC_bad72.dir/CheckFunctionExists.c.o  -o cmTC_bad72 -lpthreads 
/usr/bin/ld: cannot find -lpthreads
collect2: error: ld returned 1 exit status
CMakeFiles/cmTC_bad72.dir/build.make:97: recipe for target 'cmTC_bad72' failed
make[1]: *** [cmTC_bad72] Error 1
make[1]: Leaving directory '/home/xiaohan/stage4/Pnpsolver_good_one/solver/build/CMakeFiles/CMakeTmp'
Makefile:126: recipe for target 'cmTC_bad72/fast' failed
make: *** [cmTC_bad72/fast] Error 2


